2025-01-11 11:23:56,164 - __main__ - INFO - Scraped 0 products for Fresho Fresh Fruits
2025-01-11 11:23:59,771 - __main__ - INFO - Scraped 0 products for Organic India Fresh Fruits
2025-01-11 11:24:03,990 - __main__ - INFO - Scraped 0 products for 24 Mantra Organic Fresh Fruits
2025-01-11 11:24:08,398 - __main__ - INFO - Scraped 0 products for Local Farmers Fresh Fruits
2025-01-11 11:24:15,214 - __main__ - INFO - Scraped 0 products for Namdhari's Fresh Fruits
2025-01-11 11:32:04,901 - __main__ - ERROR - Error parsing product: 'AmazonScraper' object has no attribute '_parse_product'
2025-01-11 11:32:04,902 - __main__ - ERROR - Error parsing product: 'AmazonScraper' object has no attribute '_parse_product'
2025-01-11 11:32:04,904 - __main__ - ERROR - Error parsing product: 'AmazonScraper' object has no attribute '_parse_product'
2025-01-11 11:32:04,906 - __main__ - ERROR - Error parsing product: 'AmazonScraper' object has no attribute '_parse_product'
2025-01-11 11:32:04,906 - __main__ - ERROR - Error parsing product: 'AmazonScraper' object has no attribute '_parse_product'
2025-01-11 11:32:04,907 - __main__ - ERROR - Error parsing product: 'AmazonScraper' object has no attribute '_parse_product'
2025-01-11 11:32:04,910 - __main__ - ERROR - Error parsing product: 'AmazonScraper' object has no attribute '_parse_product'
2025-01-11 11:32:04,914 - __main__ - ERROR - Error parsing product: 'AmazonScraper' object has no attribute '_parse_product'
2025-01-11 11:32:04,915 - __main__ - ERROR - Error parsing product: 'AmazonScraper' object has no attribute '_parse_product'
2025-01-11 11:32:04,916 - __main__ - ERROR - Error parsing product: 'AmazonScraper' object has no attribute '_parse_product'
2025-01-11 11:32:04,917 - __main__ - ERROR - Error parsing product: 'AmazonScraper' object has no attribute '_parse_product'
2025-01-11 11:32:04,917 - __main__ - ERROR - Error parsing product: 'AmazonScraper' object has no attribute '_parse_product'
2025-01-11 11:32:04,923 - __main__ - ERROR - Error parsing product: 'AmazonScraper' object has no attribute '_parse_product'
2025-01-11 11:32:04,923 - __main__ - ERROR - Error parsing product: 'AmazonScraper' object has no attribute '_parse_product'
2025-01-11 11:32:04,924 - __main__ - ERROR - Error parsing product: 'AmazonScraper' object has no attribute '_parse_product'
2025-01-11 11:32:04,924 - __main__ - ERROR - Error parsing product: 'AmazonScraper' object has no attribute '_parse_product'
2025-01-11 11:32:09,613 - __main__ - ERROR - Error parsing product: 'AmazonScraper' object has no attribute '_parse_product'
2025-01-11 11:32:09,613 - __main__ - ERROR - Error parsing product: 'AmazonScraper' object has no attribute '_parse_product'
2025-01-11 11:32:09,613 - __main__ - ERROR - Error parsing product: 'AmazonScraper' object has no attribute '_parse_product'
2025-01-11 11:32:09,614 - __main__ - ERROR - Error parsing product: 'AmazonScraper' object has no attribute '_parse_product'
2025-01-11 11:32:09,614 - __main__ - ERROR - Error parsing product: 'AmazonScraper' object has no attribute '_parse_product'
2025-01-11 11:32:09,614 - __main__ - ERROR - Error parsing product: 'AmazonScraper' object has no attribute '_parse_product'
2025-01-11 11:32:09,615 - __main__ - ERROR - Error parsing product: 'AmazonScraper' object has no attribute '_parse_product'
2025-01-11 11:32:09,615 - __main__ - ERROR - Error parsing product: 'AmazonScraper' object has no attribute '_parse_product'
2025-01-11 11:32:09,615 - __main__ - ERROR - Error parsing product: 'AmazonScraper' object has no attribute '_parse_product'
2025-01-11 11:32:09,616 - __main__ - ERROR - Error parsing product: 'AmazonScraper' object has no attribute '_parse_product'
2025-01-11 11:32:09,616 - __main__ - ERROR - Error parsing product: 'AmazonScraper' object has no attribute '_parse_product'
2025-01-11 11:32:09,616 - __main__ - ERROR - Error parsing product: 'AmazonScraper' object has no attribute '_parse_product'
2025-01-11 11:32:09,617 - __main__ - ERROR - Error parsing product: 'AmazonScraper' object has no attribute '_parse_product'
2025-01-11 11:32:09,617 - __main__ - ERROR - Error parsing product: 'AmazonScraper' object has no attribute '_parse_product'
2025-01-11 11:32:09,618 - __main__ - ERROR - Error parsing product: 'AmazonScraper' object has no attribute '_parse_product'
2025-01-11 11:32:09,621 - __main__ - ERROR - Error parsing product: 'AmazonScraper' object has no attribute '_parse_product'
2025-01-11 11:32:09,621 - __main__ - ERROR - Error parsing product: 'AmazonScraper' object has no attribute '_parse_product'
2025-01-11 11:32:09,622 - __main__ - ERROR - Error parsing product: 'AmazonScraper' object has no attribute '_parse_product'
2025-01-11 11:32:12,330 - __main__ - INFO - Scraped 0 products for Fresh Fruits
2025-01-11 11:32:19,898 - __main__ - ERROR - Error parsing product: 'AmazonScraper' object has no attribute '_parse_product'
2025-01-11 11:32:19,898 - __main__ - ERROR - Error parsing product: 'AmazonScraper' object has no attribute '_parse_product'
2025-01-11 11:32:19,900 - __main__ - ERROR - Error parsing product: 'AmazonScraper' object has no attribute '_parse_product'
2025-01-11 11:32:19,900 - __main__ - ERROR - Error parsing product: 'AmazonScraper' object has no attribute '_parse_product'
2025-01-11 11:32:19,900 - __main__ - ERROR - Error parsing product: 'AmazonScraper' object has no attribute '_parse_product'
2025-01-11 11:32:19,901 - __main__ - ERROR - Error parsing product: 'AmazonScraper' object has no attribute '_parse_product'
2025-01-11 11:32:19,901 - __main__ - ERROR - Error parsing product: 'AmazonScraper' object has no attribute '_parse_product'
2025-01-11 11:32:19,902 - __main__ - ERROR - Error parsing product: 'AmazonScraper' object has no attribute '_parse_product'
2025-01-11 11:32:19,903 - __main__ - ERROR - Error parsing product: 'AmazonScraper' object has no attribute '_parse_product'
2025-01-11 11:32:19,903 - __main__ - ERROR - Error parsing product: 'AmazonScraper' object has no attribute '_parse_product'
2025-01-11 11:32:19,908 - __main__ - ERROR - Error parsing product: 'AmazonScraper' object has no attribute '_parse_product'
2025-01-11 11:32:19,914 - __main__ - ERROR - Error parsing product: 'AmazonScraper' object has no attribute '_parse_product'
2025-01-11 11:32:19,924 - __main__ - ERROR - Error parsing product: 'AmazonScraper' object has no attribute '_parse_product'
2025-01-11 11:32:19,925 - __main__ - ERROR - Error parsing product: 'AmazonScraper' object has no attribute '_parse_product'
2025-01-11 11:32:19,927 - __main__ - ERROR - Error parsing product: 'AmazonScraper' object has no attribute '_parse_product'
2025-01-11 11:32:19,928 - __main__ - ERROR - Error parsing product: 'AmazonScraper' object has no attribute '_parse_product'
2025-01-11 11:32:19,928 - __main__ - ERROR - Error parsing product: 'AmazonScraper' object has no attribute '_parse_product'
2025-01-11 11:32:19,930 - __main__ - ERROR - Error parsing product: 'AmazonScraper' object has no attribute '_parse_product'
2025-01-11 11:32:19,930 - __main__ - ERROR - Error parsing product: 'AmazonScraper' object has no attribute '_parse_product'
2025-01-11 11:32:19,931 - __main__ - ERROR - Error parsing product: 'AmazonScraper' object has no attribute '_parse_product'
2025-01-11 11:32:21,963 - __main__ - ERROR - Error parsing product: 'AmazonScraper' object has no attribute '_parse_product'
2025-01-11 11:32:21,964 - __main__ - ERROR - Error parsing product: 'AmazonScraper' object has no attribute '_parse_product'
2025-01-11 11:32:21,965 - __main__ - ERROR - Error parsing product: 'AmazonScraper' object has no attribute '_parse_product'
2025-01-11 11:32:21,965 - __main__ - ERROR - Error parsing product: 'AmazonScraper' object has no attribute '_parse_product'
2025-01-11 11:32:21,965 - __main__ - ERROR - Error parsing product: 'AmazonScraper' object has no attribute '_parse_product'
2025-01-11 11:32:21,965 - __main__ - ERROR - Error parsing product: 'AmazonScraper' object has no attribute '_parse_product'
2025-01-11 11:32:24,542 - __main__ - ERROR - Error parsing product: 'AmazonScraper' object has no attribute '_parse_product'
2025-01-11 11:32:24,543 - __main__ - ERROR - Error parsing product: 'AmazonScraper' object has no attribute '_parse_product'
2025-01-11 11:32:24,544 - __main__ - ERROR - Error parsing product: 'AmazonScraper' object has no attribute '_parse_product'
2025-01-11 11:32:24,545 - __main__ - ERROR - Error parsing product: 'AmazonScraper' object has no attribute '_parse_product'
2025-01-11 11:32:24,545 - __main__ - ERROR - Error parsing product: 'AmazonScraper' object has no attribute '_parse_product'
2025-01-11 11:32:24,545 - __main__ - ERROR - Error parsing product: 'AmazonScraper' object has no attribute '_parse_product'
2025-01-11 11:32:24,546 - __main__ - ERROR - Error parsing product: 'AmazonScraper' object has no attribute '_parse_product'
2025-01-11 11:32:24,547 - __main__ - ERROR - Error parsing product: 'AmazonScraper' object has no attribute '_parse_product'
2025-01-11 11:32:24,548 - __main__ - ERROR - Error parsing product: 'AmazonScraper' object has no attribute '_parse_product'
2025-01-11 11:32:24,549 - __main__ - ERROR - Error parsing product: 'AmazonScraper' object has no attribute '_parse_product'
2025-01-11 11:32:24,549 - __main__ - ERROR - Error parsing product: 'AmazonScraper' object has no attribute '_parse_product'
2025-01-11 11:32:24,552 - __main__ - ERROR - Error parsing product: 'AmazonScraper' object has no attribute '_parse_product'
2025-01-11 11:32:24,552 - __main__ - ERROR - Error parsing product: 'AmazonScraper' object has no attribute '_parse_product'
2025-01-11 11:32:24,553 - __main__ - ERROR - Error parsing product: 'AmazonScraper' object has no attribute '_parse_product'
2025-01-11 11:32:24,555 - __main__ - ERROR - Error parsing product: 'AmazonScraper' object has no attribute '_parse_product'
2025-01-11 11:32:24,556 - __main__ - ERROR - Error parsing product: 'AmazonScraper' object has no attribute '_parse_product'
2025-01-11 11:32:26,662 - __main__ - INFO - Scraped 0 products for Fresh Vegetables
2025-01-11 11:32:33,894 - __main__ - ERROR - Error parsing product: 'AmazonScraper' object has no attribute '_parse_product'
2025-01-11 11:32:33,896 - __main__ - ERROR - Error parsing product: 'AmazonScraper' object has no attribute '_parse_product'
2025-01-11 11:32:33,896 - __main__ - ERROR - Error parsing product: 'AmazonScraper' object has no attribute '_parse_product'
2025-01-11 11:32:33,897 - __main__ - ERROR - Error parsing product: 'AmazonScraper' object has no attribute '_parse_product'
2025-01-11 11:32:33,897 - __main__ - ERROR - Error parsing product: 'AmazonScraper' object has no attribute '_parse_product'
2025-01-11 11:32:33,897 - __main__ - ERROR - Error parsing product: 'AmazonScraper' object has no attribute '_parse_product'
2025-01-11 11:32:33,898 - __main__ - ERROR - Error parsing product: 'AmazonScraper' object has no attribute '_parse_product'
2025-01-11 11:47:39,319 - __main__ - ERROR - Error parsing product: 'AmazonScraper' object has no attribute '_parse_product'
2025-01-11 11:47:39,321 - __main__ - ERROR - Error parsing product: 'AmazonScraper' object has no attribute '_parse_product'
2025-01-11 11:47:39,321 - __main__ - ERROR - Error parsing product: 'AmazonScraper' object has no attribute '_parse_product'
2025-01-11 11:47:39,322 - __main__ - ERROR - Error parsing product: 'AmazonScraper' object has no attribute '_parse_product'
2025-01-11 11:47:39,322 - __main__ - ERROR - Error parsing product: 'AmazonScraper' object has no attribute '_parse_product'
2025-01-11 11:47:39,323 - __main__ - ERROR - Error parsing product: 'AmazonScraper' object has no attribute '_parse_product'
2025-01-11 11:47:39,323 - __main__ - ERROR - Error parsing product: 'AmazonScraper' object has no attribute '_parse_product'
2025-01-11 11:47:39,324 - __main__ - ERROR - Error parsing product: 'AmazonScraper' object has no attribute '_parse_product'
2025-01-11 11:47:39,324 - __main__ - ERROR - Error parsing product: 'AmazonScraper' object has no attribute '_parse_product'
2025-01-11 11:47:39,324 - __main__ - ERROR - Error parsing product: 'AmazonScraper' object has no attribute '_parse_product'
2025-01-11 11:47:39,325 - __main__ - ERROR - Error parsing product: 'AmazonScraper' object has no attribute '_parse_product'
2025-01-11 11:47:39,326 - __main__ - ERROR - Error parsing product: 'AmazonScraper' object has no attribute '_parse_product'
2025-01-11 11:47:39,326 - __main__ - ERROR - Error parsing product: 'AmazonScraper' object has no attribute '_parse_product'
2025-01-11 11:47:39,326 - __main__ - ERROR - Error parsing product: 'AmazonScraper' object has no attribute '_parse_product'
2025-01-11 11:47:39,326 - __main__ - ERROR - Error parsing product: 'AmazonScraper' object has no attribute '_parse_product'
2025-01-11 11:47:39,327 - __main__ - ERROR - Error parsing product: 'AmazonScraper' object has no attribute '_parse_product'
2025-01-11 11:47:42,124 - __main__ - ERROR - Error parsing product: 'AmazonScraper' object has no attribute '_parse_product'
2025-01-11 11:47:42,125 - __main__ - ERROR - Error parsing product: 'AmazonScraper' object has no attribute '_parse_product'
2025-01-11 11:47:42,125 - __main__ - ERROR - Error parsing product: 'AmazonScraper' object has no attribute '_parse_product'
2025-01-11 11:47:42,125 - __main__ - ERROR - Error parsing product: 'AmazonScraper' object has no attribute '_parse_product'
2025-01-11 11:47:42,125 - __main__ - ERROR - Error parsing product: 'AmazonScraper' object has no attribute '_parse_product'
2025-01-11 11:47:42,126 - __main__ - ERROR - Error parsing product: 'AmazonScraper' object has no attribute '_parse_product'
2025-01-11 11:47:42,126 - __main__ - ERROR - Error parsing product: 'AmazonScraper' object has no attribute '_parse_product'
2025-01-11 11:47:42,127 - __main__ - ERROR - Error parsing product: 'AmazonScraper' object has no attribute '_parse_product'
2025-01-11 11:47:42,127 - __main__ - ERROR - Error parsing product: 'AmazonScraper' object has no attribute '_parse_product'
2025-01-11 11:47:42,127 - __main__ - ERROR - Error parsing product: 'AmazonScraper' object has no attribute '_parse_product'
2025-01-11 11:47:42,127 - __main__ - ERROR - Error parsing product: 'AmazonScraper' object has no attribute '_parse_product'
2025-01-11 11:47:42,128 - __main__ - ERROR - Error parsing product: 'AmazonScraper' object has no attribute '_parse_product'
2025-01-11 11:47:42,128 - __main__ - ERROR - Error parsing product: 'AmazonScraper' object has no attribute '_parse_product'
2025-01-11 11:47:42,128 - __main__ - ERROR - Error parsing product: 'AmazonScraper' object has no attribute '_parse_product'
2025-01-11 11:47:42,128 - __main__ - ERROR - Error parsing product: 'AmazonScraper' object has no attribute '_parse_product'
2025-01-11 11:47:42,128 - __main__ - ERROR - Error parsing product: 'AmazonScraper' object has no attribute '_parse_product'
2025-01-11 11:47:42,128 - __main__ - ERROR - Error parsing product: 'AmazonScraper' object has no attribute '_parse_product'
2025-01-11 11:47:42,129 - __main__ - ERROR - Error parsing product: 'AmazonScraper' object has no attribute '_parse_product'
2025-01-11 11:47:42,129 - __main__ - ERROR - Error parsing product: 'AmazonScraper' object has no attribute '_parse_product'
2025-01-11 11:47:42,129 - __main__ - ERROR - Error parsing product: 'AmazonScraper' object has no attribute '_parse_product'
2025-01-11 11:47:42,131 - __main__ - ERROR - Error parsing product: 'AmazonScraper' object has no attribute '_parse_product'
2025-01-11 11:47:42,134 - __main__ - ERROR - Error parsing product: 'AmazonScraper' object has no attribute '_parse_product'
2025-01-11 11:47:42,134 - __main__ - ERROR - Error parsing product: 'AmazonScraper' object has no attribute '_parse_product'
2025-01-11 11:47:44,801 - __main__ - ERROR - Error parsing product: 'AmazonScraper' object has no attribute '_parse_product'
2025-01-11 11:47:44,802 - __main__ - ERROR - Error parsing product: 'AmazonScraper' object has no attribute '_parse_product'
2025-01-11 11:47:44,803 - __main__ - ERROR - Error parsing product: 'AmazonScraper' object has no attribute '_parse_product'
2025-01-11 11:47:44,804 - __main__ - ERROR - Error parsing product: 'AmazonScraper' object has no attribute '_parse_product'
2025-01-11 11:47:44,805 - __main__ - ERROR - Error parsing product: 'AmazonScraper' object has no attribute '_parse_product'
2025-01-11 11:47:44,805 - __main__ - ERROR - Error parsing product: 'AmazonScraper' object has no attribute '_parse_product'
2025-01-11 11:47:44,806 - __main__ - ERROR - Error parsing product: 'AmazonScraper' object has no attribute '_parse_product'
2025-01-11 11:47:46,853 - __main__ - ERROR - Error parsing product: 'AmazonScraper' object has no attribute '_parse_product'
2025-01-11 11:47:46,854 - __main__ - ERROR - Error parsing product: 'AmazonScraper' object has no attribute '_parse_product'
2025-01-11 11:47:46,855 - __main__ - ERROR - Error parsing product: 'AmazonScraper' object has no attribute '_parse_product'
2025-01-11 11:47:46,855 - __main__ - ERROR - Error parsing product: 'AmazonScraper' object has no attribute '_parse_product'
2025-01-11 11:47:46,856 - __main__ - ERROR - Error parsing product: 'AmazonScraper' object has no attribute '_parse_product'
2025-01-11 11:47:46,857 - __main__ - ERROR - Error parsing product: 'AmazonScraper' object has no attribute '_parse_product'
2025-01-11 11:47:46,857 - __main__ - ERROR - Error parsing product: 'AmazonScraper' object has no attribute '_parse_product'
2025-01-11 11:47:46,858 - __main__ - ERROR - Error parsing product: 'AmazonScraper' object has no attribute '_parse_product'
2025-01-11 11:47:46,858 - __main__ - ERROR - Error parsing product: 'AmazonScraper' object has no attribute '_parse_product'
2025-01-11 11:47:46,861 - __main__ - ERROR - Error parsing product: 'AmazonScraper' object has no attribute '_parse_product'
2025-01-11 11:47:46,863 - __main__ - ERROR - Error parsing product: 'AmazonScraper' object has no attribute '_parse_product'
2025-01-11 11:47:46,864 - __main__ - ERROR - Error parsing product: 'AmazonScraper' object has no attribute '_parse_product'
2025-01-11 11:47:46,864 - __main__ - ERROR - Error parsing product: 'AmazonScraper' object has no attribute '_parse_product'
2025-01-11 11:47:46,865 - __main__ - ERROR - Error parsing product: 'AmazonScraper' object has no attribute '_parse_product'
2025-01-11 11:47:46,865 - __main__ - ERROR - Error parsing product: 'AmazonScraper' object has no attribute '_parse_product'
2025-01-11 11:47:46,865 - __main__ - ERROR - Error parsing product: 'AmazonScraper' object has no attribute '_parse_product'
2025-01-11 11:47:46,866 - __main__ - ERROR - Error parsing product: 'AmazonScraper' object has no attribute '_parse_product'
2025-01-11 11:47:46,866 - __main__ - ERROR - Error parsing product: 'AmazonScraper' object has no attribute '_parse_product'
2025-01-11 11:47:47,981 - __main__ - ERROR - Error parsing product: 'AmazonScraper' object has no attribute '_parse_product'
2025-01-11 11:47:47,982 - __main__ - ERROR - Error parsing product: 'AmazonScraper' object has no attribute '_parse_product'
2025-01-11 11:47:47,982 - __main__ - ERROR - Error parsing product: 'AmazonScraper' object has no attribute '_parse_product'
2025-01-11 11:47:47,983 - __main__ - INFO - Scraped 0 products for Fresh Fruits
2025-01-11 11:49:13,374 - __main__ - ERROR - Error parsing product: 'NoneType' object has no attribute 'text'
2025-01-11 11:49:13,376 - __main__ - ERROR - Error parsing product: 'NoneType' object has no attribute 'text'
2025-01-11 11:49:13,377 - __main__ - ERROR - Error parsing product: 'NoneType' object has no attribute 'text'
2025-01-11 11:49:13,378 - __main__ - ERROR - Error parsing product: 'NoneType' object has no attribute 'text'
2025-01-11 11:49:13,379 - __main__ - ERROR - Error parsing product: 'NoneType' object has no attribute 'text'
2025-01-11 11:49:13,380 - __main__ - ERROR - Error parsing product: 'NoneType' object has no attribute 'text'
2025-01-11 11:49:13,381 - __main__ - ERROR - Error parsing product: 'NoneType' object has no attribute 'text'
2025-01-11 11:49:13,382 - __main__ - ERROR - Error parsing product: 'NoneType' object has no attribute 'text'
2025-01-11 11:49:13,383 - __main__ - ERROR - Error parsing product: 'NoneType' object has no attribute 'text'
2025-01-11 11:49:13,383 - __main__ - ERROR - Error parsing product: 'NoneType' object has no attribute 'text'
2025-01-11 11:49:13,386 - __main__ - ERROR - Error parsing product: 'NoneType' object has no attribute 'text'
2025-01-11 11:49:13,389 - __main__ - ERROR - Error parsing product: 'NoneType' object has no attribute 'text'
2025-01-11 11:49:13,391 - __main__ - ERROR - Error parsing product: 'NoneType' object has no attribute 'text'
2025-01-11 11:49:13,393 - __main__ - ERROR - Error parsing product: 'NoneType' object has no attribute 'text'
2025-01-11 11:49:13,395 - __main__ - ERROR - Error parsing product: 'NoneType' object has no attribute 'text'
2025-01-11 11:49:13,401 - __main__ - ERROR - Error parsing product: 'NoneType' object has no attribute 'text'
2025-01-11 11:49:13,408 - __main__ - ERROR - Error parsing product: 'NoneType' object has no attribute 'text'
2025-01-11 11:49:13,411 - __main__ - ERROR - Error parsing product: 'NoneType' object has no attribute 'text'
2025-01-11 11:49:28,287 - __main__ - INFO - Scraped 0 products for Fresh Fruits
2025-01-11 11:49:32,820 - __main__ - ERROR - Error parsing product: 'NoneType' object has no attribute 'text'
2025-01-11 11:49:32,821 - __main__ - ERROR - Error parsing product: 'NoneType' object has no attribute 'text'
2025-01-11 11:49:32,823 - __main__ - ERROR - Error parsing product: 'NoneType' object has no attribute 'text'
2025-01-11 11:49:32,824 - __main__ - ERROR - Error parsing product: 'NoneType' object has no attribute 'text'
2025-01-11 11:49:32,826 - __main__ - ERROR - Error parsing product: 'NoneType' object has no attribute 'text'
2025-01-11 11:49:32,828 - __main__ - ERROR - Error parsing product: 'NoneType' object has no attribute 'text'
2025-01-11 11:49:32,829 - __main__ - ERROR - Error parsing product: 'NoneType' object has no attribute 'text'
2025-01-11 11:49:32,830 - __main__ - ERROR - Error parsing product: 'NoneType' object has no attribute 'text'
2025-01-11 11:49:32,832 - __main__ - ERROR - Error parsing product: 'NoneType' object has no attribute 'text'
2025-01-11 11:49:32,833 - __main__ - ERROR - Error parsing product: 'NoneType' object has no attribute 'text'
2025-01-11 11:49:32,836 - __main__ - ERROR - Error parsing product: 'NoneType' object has no attribute 'text'
2025-01-11 11:49:32,839 - __main__ - ERROR - Error parsing product: 'NoneType' object has no attribute 'text'
2025-01-11 11:49:32,841 - __main__ - ERROR - Error parsing product: 'NoneType' object has no attribute 'text'
2025-01-11 11:49:32,842 - __main__ - ERROR - Error parsing product: 'NoneType' object has no attribute 'text'
2025-01-11 11:49:50,710 - __main__ - INFO - Scraped 2 products for Fresh Vegetables
2025-01-11 11:49:54,343 - __main__ - ERROR - Error parsing product: 'NoneType' object has no attribute 'text'
2025-01-11 11:49:54,344 - __main__ - ERROR - Error parsing product: 'NoneType' object has no attribute 'text'
2025-01-11 11:49:54,346 - __main__ - ERROR - Error parsing product: 'NoneType' object has no attribute 'text'
2025-01-11 11:49:54,348 - __main__ - ERROR - Error parsing product: 'NoneType' object has no attribute 'text'
2025-01-11 11:49:54,354 - __main__ - ERROR - Error parsing product: 'NoneType' object has no attribute 'text'
2025-01-11 11:49:54,362 - __main__ - ERROR - Error parsing product: 'NoneType' object has no attribute 'text'
2025-01-11 11:49:54,370 - __main__ - ERROR - Error parsing product: 'NoneType' object has no attribute 'text'
2025-01-11 11:49:54,372 - __main__ - ERROR - Error parsing product: 'NoneType' object has no attribute 'text'
2025-01-11 11:49:54,376 - __main__ - ERROR - Error parsing product: 'NoneType' object has no attribute 'text'
2025-01-11 11:49:54,380 - __main__ - ERROR - Error parsing product: 'NoneType' object has no attribute 'text'
2025-01-11 11:49:54,384 - __main__ - ERROR - Error parsing product: 'NoneType' object has no attribute 'text'
2025-01-11 11:49:54,387 - __main__ - ERROR - Error parsing product: 'NoneType' object has no attribute 'text'
2025-01-11 11:49:54,395 - __main__ - ERROR - Error parsing product: 'NoneType' object has no attribute 'text'
2025-01-11 11:49:54,398 - __main__ - ERROR - Error parsing product: 'NoneType' object has no attribute 'text'
2025-01-11 11:49:54,401 - __main__ - ERROR - Error parsing product: 'NoneType' object has no attribute 'text'
2025-01-11 11:49:54,418 - __main__ - ERROR - Error parsing product: 'NoneType' object has no attribute 'text'
2025-01-11 11:50:15,543 - __main__ - INFO - Scraped 3 products for Organic Produce
2025-01-11 11:50:19,742 - __main__ - ERROR - Error parsing product: 'NoneType' object has no attribute 'text'
2025-01-11 11:50:19,744 - __main__ - ERROR - Error parsing product: 'NoneType' object has no attribute 'text'
2025-01-11 11:50:19,745 - __main__ - ERROR - Error parsing product: 'NoneType' object has no attribute 'text'
2025-01-11 11:50:19,746 - __main__ - ERROR - Error parsing product: 'NoneType' object has no attribute 'text'
2025-01-11 11:50:19,747 - __main__ - ERROR - Error parsing product: 'NoneType' object has no attribute 'text'
2025-01-11 11:50:19,749 - __main__ - ERROR - Error parsing product: 'NoneType' object has no attribute 'text'
2025-01-11 11:50:19,754 - __main__ - ERROR - Error parsing product: 'NoneType' object has no attribute 'text'
2025-01-11 11:50:19,756 - __main__ - ERROR - Error parsing product: 'NoneType' object has no attribute 'text'
2025-01-11 11:50:19,761 - __main__ - ERROR - Error parsing product: 'NoneType' object has no attribute 'text'
2025-01-11 11:50:19,768 - __main__ - ERROR - Error parsing product: 'NoneType' object has no attribute 'text'
2025-01-11 11:50:19,771 - __main__ - ERROR - Error parsing product: 'NoneType' object has no attribute 'text'
2025-01-11 11:50:19,773 - __main__ - ERROR - Error parsing product: 'NoneType' object has no attribute 'text'
2025-01-11 11:50:19,788 - __main__ - ERROR - Error parsing product: 'NoneType' object has no attribute 'text'
2025-01-11 11:50:19,791 - __main__ - ERROR - Error parsing product: 'NoneType' object has no attribute 'text'
2025-01-11 11:50:19,793 - __main__ - ERROR - Error parsing product: 'NoneType' object has no attribute 'text'
2025-01-11 11:50:30,630 - __main__ - INFO - Scraped 0 products for Exotic Fruits
2025-01-11 11:50:36,637 - __main__ - ERROR - Error parsing product: 'NoneType' object has no attribute 'text'
2025-01-11 11:50:36,639 - __main__ - ERROR - Error parsing product: 'NoneType' object has no attribute 'text'
2025-01-11 11:50:36,642 - __main__ - ERROR - Error parsing product: 'NoneType' object has no attribute 'text'
2025-01-11 11:50:36,646 - __main__ - ERROR - Error parsing product: 'NoneType' object has no attribute 'text'
2025-01-11 11:50:36,647 - __main__ - ERROR - Error parsing product: 'NoneType' object has no attribute 'text'
2025-01-11 11:50:36,650 - __main__ - ERROR - Error parsing product: 'NoneType' object has no attribute 'text'
2025-01-11 11:50:36,651 - __main__ - ERROR - Error parsing product: 'NoneType' object has no attribute 'text'
2025-01-11 11:50:36,654 - __main__ - ERROR - Error parsing product: 'NoneType' object has no attribute 'text'
2025-01-11 11:50:36,658 - __main__ - ERROR - Error parsing product: 'NoneType' object has no attribute 'text'
2025-01-11 11:50:36,659 - __main__ - ERROR - Error parsing product: 'NoneType' object has no attribute 'text'
2025-01-11 11:50:36,660 - __main__ - ERROR - Error parsing product: 'NoneType' object has no attribute 'text'
2025-01-11 11:50:36,665 - __main__ - ERROR - Error parsing product: 'NoneType' object has no attribute 'text'
2025-01-11 11:50:36,666 - __main__ - ERROR - Error parsing product: 'NoneType' object has no attribute 'text'
2025-01-11 11:50:36,669 - __main__ - ERROR - Error parsing product: 'NoneType' object has no attribute 'text'
2025-01-11 11:50:54,395 - __main__ - ERROR - Error parsing product: 'NoneType' object has no attribute 'text'
2025-01-11 11:50:54,398 - __main__ - ERROR - Error parsing product: 'NoneType' object has no attribute 'text'
2025-01-11 11:50:54,399 - __main__ - ERROR - Error parsing product: 'NoneType' object has no attribute 'text'
2025-01-11 11:50:54,400 - __main__ - ERROR - Error parsing product: 'NoneType' object has no attribute 'text'
2025-01-11 11:50:54,401 - __main__ - ERROR - Error parsing product: 'NoneType' object has no attribute 'text'
2025-01-11 11:50:54,401 - __main__ - ERROR - Error parsing product: 'NoneType' object has no attribute 'text'
2025-01-11 11:50:54,402 - __main__ - ERROR - Error parsing product: 'NoneType' object has no attribute 'text'
2025-01-11 11:50:54,403 - __main__ - ERROR - Error parsing product: 'NoneType' object has no attribute 'text'
2025-01-11 11:50:54,403 - __main__ - ERROR - Error parsing product: 'NoneType' object has no attribute 'text'
2025-01-11 11:50:54,404 - __main__ - ERROR - Error parsing product: 'NoneType' object has no attribute 'text'
2025-01-11 11:50:54,408 - __main__ - ERROR - Error parsing product: 'NoneType' object has no attribute 'text'
2025-01-11 11:50:54,412 - __main__ - ERROR - Error parsing product: 'NoneType' object has no attribute 'text'
2025-01-11 11:50:54,420 - __main__ - ERROR - Error parsing product: 'NoneType' object has no attribute 'text'
2025-01-11 11:50:54,424 - __main__ - ERROR - Error parsing product: 'NoneType' object has no attribute 'text'
2025-01-11 11:50:54,432 - __main__ - ERROR - Error parsing product: 'NoneType' object has no attribute 'text'
2025-01-11 11:50:54,434 - __main__ - ERROR - Error parsing product: 'NoneType' object has no attribute 'text'
2025-01-11 11:50:54,451 - __main__ - ERROR - Error parsing product: 'NoneType' object has no attribute 'text'
2025-01-11 11:50:54,455 - __main__ - ERROR - Error parsing product: 'NoneType' object has no attribute 'text'
